\BOOKMARK [0][-]{chapter.1}{Project description}{}% 1
\BOOKMARK [1][-]{section.1.1}{Issues}{chapter.1}% 2
\BOOKMARK [2][-]{subsection.1.1.1}{Motor saturation}{section.1.1}% 3
\BOOKMARK [2][-]{subsection.1.1.2}{Current noise}{section.1.1}% 4
\BOOKMARK [2][-]{subsection.1.1.3}{Encoder signal}{section.1.1}% 5
\BOOKMARK [1][-]{section.1.2}{System protection}{chapter.1}% 6
\BOOKMARK [1][-]{section.1.3}{Input Manager}{chapter.1}% 7
\BOOKMARK [1][-]{section.1.4}{Protector}{chapter.1}% 8
\BOOKMARK [1][-]{section.1.5}{System}{chapter.1}% 9
\BOOKMARK [1][-]{section.1.6}{Controller}{chapter.1}% 10
\BOOKMARK [0][-]{chapter.2}{Linear system modelling}{}% 11
\BOOKMARK [1][-]{section.2.1}{Motor, Pinion and Rack modelling}{chapter.2}% 12
\BOOKMARK [1][-]{section.2.2}{Carts, Springs and Dampers Modelling}{chapter.2}% 13
\BOOKMARK [1][-]{section.2.3}{1 DOF State Space Model}{chapter.2}% 14
\BOOKMARK [1][-]{section.2.4}{2 DOF State Space Model}{chapter.2}% 15
\BOOKMARK [1][-]{section.2.5}{3 DOF State Space Model}{chapter.2}% 16
\BOOKMARK [0][-]{chapter.3}{Identification introduction}{}% 17
\BOOKMARK [1][-]{section.3.1}{Validation cost function}{chapter.3}% 18
\BOOKMARK [1][-]{section.3.2}{Open vs Closed loop identification}{chapter.3}% 19
\BOOKMARK [0][-]{chapter.4}{White box identification}{}% 20
\BOOKMARK [1][-]{section.4.1}{Detached system: cart and springs identification}{chapter.4}% 21
\BOOKMARK [2][-]{subsection.4.1.1}{Experiment description}{section.4.1}% 22
\BOOKMARK [2][-]{subsection.4.1.2}{Experiment analysis}{section.4.1}% 23
\BOOKMARK [2][-]{subsection.4.1.3}{Experiment results}{section.4.1}% 24
\BOOKMARK [2][-]{subsection.4.1.4}{Validation}{section.4.1}% 25
\BOOKMARK [1][-]{section.4.2}{Motor identification}{chapter.4}% 26
\BOOKMARK [2][-]{subsection.4.2.1}{Experiment description}{section.4.2}% 27
\BOOKMARK [2][-]{subsection.4.2.2}{Experiment analysis}{section.4.2}% 28
\BOOKMARK [2][-]{subsection.4.2.3}{Experiment results}{section.4.2}% 29
\BOOKMARK [2][-]{subsection.4.2.4}{Validation}{section.4.2}% 30
\BOOKMARK [1][-]{section.4.3}{Overall system identification}{chapter.4}% 31
\BOOKMARK [2][-]{subsection.4.3.1}{Experiment results}{section.4.3}% 32
\BOOKMARK [2][-]{subsection.4.3.2}{Validation}{section.4.3}% 33
\BOOKMARK [0][-]{chapter.5}{Gray box identification}{}% 34
\BOOKMARK [0][-]{chapter.6}{Non-linearities identification}{}% 35
\BOOKMARK [1][-]{section.6.1}{Non-linear gain}{chapter.6}% 36
\BOOKMARK [1][-]{section.6.2}{Motor cogging identification}{chapter.6}% 37
\BOOKMARK [1][-]{section.6.3}{Cart static friction}{chapter.6}% 38
\BOOKMARK [0][-]{chapter.7}{State filtering and Model Observers}{}% 39
\BOOKMARK [1][-]{section.7.1}{Extended Kalman Filter}{chapter.7}% 40
\BOOKMARK [0][-]{chapter.8}{Control of 1 Degree of Freedom}{}% 41
\BOOKMARK [1][-]{section.8.1}{Loopshaping}{chapter.8}% 42
\BOOKMARK [1][-]{section.8.2}{RHP-Zeros Control}{chapter.8}% 43
\BOOKMARK [1][-]{section.8.3}{H Control Design}{chapter.8}% 44
\BOOKMARK [1][-]{section.8.4}{LQG Control Design}{chapter.8}% 45
\BOOKMARK [0][-]{chapter.9}{Control of 2 Degree of Freedom}{}% 46
\BOOKMARK [1][-]{section.9.1}{LQG Control Design}{chapter.9}% 47
\BOOKMARK [1][-]{section.9.2}{H Control Design}{chapter.9}% 48
\BOOKMARK [0][-]{chapter.10}{Control of 3 Degree of Freedom}{}% 49
\BOOKMARK [1][-]{section.10.1}{LQG Control Design}{chapter.10}% 50
\BOOKMARK [1][-]{section.10.2}{H Control Design}{chapter.10}% 51
\BOOKMARK [0][-]{chapter*.67}{Conclusions}{}% 52
\BOOKMARK [0][-]{chapter*.68}{The team}{}% 53
\BOOKMARK [0][-]{chapter*.69}{Appendix}{}% 54
\BOOKMARK [1][-]{section.10.3}{H Control Design}{chapter*.69}% 55
\BOOKMARK [1][-]{section.10.4}{Effect of positive zeros}{chapter*.69}% 56
\BOOKMARK [1][-]{section.10.5}{Extended Kalman Filtering}{chapter*.69}% 57
\BOOKMARK [0][-]{lstnumber.-1.65}{Bibliography}{}% 58
